[31mERROR[39m: undefined {"code":8000,"codeName":"AtlasError","connectionGeneration":0,"errorLabelSet":{},"errorResponse":{"code":8000,"codeName":"AtlasError","errmsg":"bad auth : authentication failed","ok":0},"ok":0}
[2025-06-20 20:13:57] [31mERROR[39m: [31mLogin failed: Invalid credentials[39m
[2025-06-20 20:15:36] [31mERROR[39m: [31mLogin failed: Invalid credentials[39m
[2025-06-20 20:17:00] [31mERROR[39m: [31mLogin failed: Invalid credentials[39m
[2025-06-20 20:20:36] [31mERROR[39m: [31mLogin failed: Logger.ERROR is not a function[39m
[2025-06-20 20:20:57] [31mERROR[39m: [31mLogin failed: Invalid credentials[39m
[2025-06-20 20:21:54] [31mERROR[39m: [31mLogin failed: Invalid credentials[39m
[2025-06-20 20:22:38] [31mERROR[39m: [31mLogin failed: Invalid credentials[39m
[2025-06-20 20:23:44] [31mERROR[39m: [31mLogin failed: Invalid credentials[39m
[2025-06-20 20:23:53] [31mERROR[39m: [31mLogin failed: Invalid credentials[39m
[2025-06-20 20:25:08] [31mERROR[39m: [31mLogin failed: Invalid credentials[39m
[2025-06-20 20:25:40] [31mERROR[39m: [31mLogin failed: Invalid credentials[39m
[2025-06-20 20:26:04] [31mERROR[39m: [31mLogin failed: Email and password are required[39m
[2025-06-21 10:22:46] [31mERROR[39m: [31mThe `uri` parameter to `openUri()` must be a string, got "undefined". Make sure the first parameter to `mongoose.connect()` or `mongoose.createConnection()` is a string.[39m
[2025-06-21 10:23:38] [31mERROR[39m: [31mThe `uri` parameter to `openUri()` must be a string, got "undefined". Make sure the first parameter to `mongoose.connect()` or `mongoose.createConnection()` is a string.[39m
[2025-06-21 10:23:51] [31mERROR[39m: [31mThe `uri` parameter to `openUri()` must be a string, got "undefined". Make sure the first parameter to `mongoose.connect()` or `mongoose.createConnection()` is a string.[39m
[2025-06-21 10:24:02] [31mERROR[39m: [31mThe `uri` parameter to `openUri()` must be a string, got "undefined". Make sure the first parameter to `mongoose.connect()` or `mongoose.createConnection()` is a string.[39m
[2025-06-21 10:24:24] [31mERROR[39m: [31mThe `uri` parameter to `openUri()` must be a string, got "undefined". Make sure the first parameter to `mongoose.connect()` or `mongoose.createConnection()` is a string.[39m
[2025-06-21 10:25:06] [31mERROR[39m: [31mThe `uri` parameter to `openUri()` must be a string, got "undefined". Make sure the first parameter to `mongoose.connect()` or `mongoose.createConnection()` is a string.[39m
[2025-06-21 18:34:26] [31mERROR[39m: [31mRegister failed: Email already registered[39m
[2025-06-21 19:45:23] [31mERROR[39m: [31mRegister failed: Email already registered[39m
[2025-06-21 19:45:46] [31mERROR[39m: [31mRegister failed: Email already registered[39m
[2025-06-21 19:47:25] [31mERROR[39m: [31mRegister failed: Email already registered[39m
[2025-06-21 19:47:49] [31mERROR[39m: [31mRegister failed: Email already registered[39m
[2025-06-21 19:48:22] [31mERROR[39m: [31mRegister failed: Email already registered[39m
[2025-06-21 19:48:45] [31mERROR[39m: [31mRegister failed: Email already registered[39m
[2025-06-21 22:25:18] [31mERROR[39m: [31mLogin failed: User not found[39m
[2025-06-21 22:33:13] [31mERROR[39m: [31mRegister failed: Email already registered[39m
[2025-06-21 22:33:20] [31mERROR[39m: [31mRegister failed: cartModel is not defined[39m
[2025-06-21 22:33:49] [31mERROR[39m: [31mRegister failed: Email already registered[39m
[2025-06-21 22:33:54] [31mERROR[39m: [31mRegister failed: Cart validation failed: user: El ID del usuario es obligatorio[39m
[2025-06-21 22:34:06] [31mERROR[39m: [31mRegister failed: Email already registered[39m
[2025-06-21 22:59:21] [31mERROR[39m: [31mRegister failed: Email already registered[39m
[2025-06-21 22:59:25] [31mERROR[39m: [31mRegister failed: Cart validation failed: user: El ID del usuario es obligatorio[39m
[2025-06-21 23:20:21] [31mERROR[39m: [31mproductModel.paginate is not a function[39m
[2025-06-21 23:20:38] [31mERROR[39m: [31mproductModel.paginate is not a function[39m
[2025-06-21 23:20:38] [31mERROR[39m: [31mGET / -> Cannot set headers after they are sent to the client[39m
[2025-06-21 23:20:41] [31mERROR[39m: [31mproductModel.paginate is not a function[39m
[2025-06-21 23:20:41] [31mERROR[39m: [31mGET / -> Cannot set headers after they are sent to the client[39m
[2025-06-21 23:21:49] [31mERROR[39m: [31mNo default engine was specified and no extension was provided.[39m
[2025-06-21 23:21:49] [31mERROR[39m: [31mGET / -> Cannot set headers after they are sent to the client[39m
[2025-06-21 23:23:06] [31mERROR[39m: [31mNo default engine was specified and no extension was provided.[39m
[2025-06-21 23:23:06] [31mERROR[39m: [31mGET / -> Cannot set headers after they are sent to the client[39m
[2025-06-22 00:20:37] [31mERROR[39m: [31mRegister failed: users validation failed: cart: Cast to ObjectId failed for value "[]" (type Array) at path "cart" because of "BSONError"[39m
[2025-06-22 00:20:37] [31mERROR[39m: [31mRegister failed: users validation failed: cart: Cast to ObjectId failed for value "[]" (type Array) at path "cart" because of "BSONError"[39m
[2025-06-22 00:20:37] [31mERROR[39m: [31mLogin failed: User not found[39m
[2025-06-22 00:20:37] [31mERROR[39m: [31mLogin failed: User not found[39m
[2025-06-22 00:20:37] [31mERROR[39m: [31mjwt must be provided[39m
[2025-06-22 00:20:37] [31mERROR[39m: [31mjwt must be provided[39m
[2025-06-22 00:20:37] [31mERROR[39m: [31mjwt must be provided[39m
[2025-06-22 00:20:37] [31mERROR[39m: [31mjwt must be provided[39m
[2025-06-22 00:20:37] [31mERROR[39m: [31mjwt must be provided[39m
[2025-06-22 00:20:56] [31mERROR[39m: [31mRegister failed: users validation failed: cart: Cast to ObjectId failed for value "[]" (type Array) at path "cart" because of "BSONError"[39m
[2025-06-22 00:20:56] [31mERROR[39m: [31mRegister failed: users validation failed: cart: Cast to ObjectId failed for value "[]" (type Array) at path "cart" because of "BSONError"[39m
[2025-06-22 00:20:56] [31mERROR[39m: [31mLogin failed: User not found[39m
[2025-06-22 00:20:56] [31mERROR[39m: [31mLogin failed: User not found[39m
[2025-06-22 00:20:56] [31mERROR[39m: [31mjwt must be provided[39m
[2025-06-22 00:20:56] [31mERROR[39m: [31mjwt must be provided[39m
[2025-06-22 00:20:56] [31mERROR[39m: [31mjwt must be provided[39m
[2025-06-22 00:20:56] [31mERROR[39m: [31mjwt must be provided[39m
[2025-06-22 00:20:56] [31mERROR[39m: [31mjwt must be provided[39m
[2025-06-22 00:22:18] [31mERROR[39m: [31mRegister failed: users validation failed: cart: Cast to ObjectId failed for value "[]" (type Array) at path "cart" because of "BSONError"[39m
[2025-06-22 00:22:18] [31mERROR[39m: [31mRegister failed: users validation failed: cart: Cast to ObjectId failed for value "[]" (type Array) at path "cart" because of "BSONError"[39m
[2025-06-22 00:22:18] [31mERROR[39m: [31mLogin failed: User not found[39m
[2025-06-22 00:22:18] [31mERROR[39m: [31mLogin failed: User not found[39m
[2025-06-22 00:22:18] [31mERROR[39m: [31mjwt must be provided[39m
[2025-06-22 00:22:18] [31mERROR[39m: [31mjwt must be provided[39m
[2025-06-22 00:22:18] [31mERROR[39m: [31mjwt must be provided[39m
[2025-06-22 00:22:18] [31mERROR[39m: [31mjwt must be provided[39m
[2025-06-22 00:22:18] [31mERROR[39m: [31mjwt must be provided[39m
[2025-06-22 00:23:57] [31mERROR[39m: [31mRegister failed: Email already registered[39m
[2025-06-22 00:24:50] [31mERROR[39m: [31mRegister failed: Email already registered[39m
[2025-06-22 00:26:56] [31mERROR[39m: [31mjwt must be provided[39m
[2025-06-22 00:26:56] [31mERROR[39m: [31mRegister failed: Email already registered[39m
[2025-06-22 00:27:30] [31mERROR[39m: [31mjwt must be provided[39m
[2025-06-22 00:27:30] [31mERROR[39m: [31mRegister failed: Email already registered[39m
[2025-06-22 00:28:42] [31mERROR[39m: [31mRegister failed: Email already registered[39m
[2025-06-22 00:31:11] [31mERROR[39m: [31mRegister failed: Email already registered[39m
[2025-06-22 00:31:25] [31mERROR[39m: [31mRegister failed: Email already registered[39m
[2025-06-22 00:33:35] [31mERROR[39m: [31mRegister failed: Email already registered[39m
[2025-06-22 00:36:20] [31mERROR[39m: [31mRegister failed: E11000 duplicate key error collection: products.users index: email_1 dup key: { email: "jaydon_hermann43@gmail.com" }[39m
[2025-06-22 00:36:31] [31mERROR[39m: [31mRegister failed: Email already registered[39m
[2025-06-22 00:37:56] [31mERROR[39m: [31mRegister failed: Email already registered[39m
[2025-06-22 00:40:06] [31mERROR[39m: [31mRegister failed: Email already registered[39m
[2025-06-22 00:40:11] [31mERROR[39m: [31mRegister failed: Email already registered[39m
[2025-06-22 00:40:32] [31mERROR[39m: [31mRegister failed: Email already registered[39m
[2025-06-22 00:43:20] [31mERROR[39m: [31mRegister failed: Email already registered[39m
[2025-06-22 00:44:56] [31mERROR[39m: [31mRegister failed: Email already registered[39m
[2025-06-22 00:45:11] [31mERROR[39m: [31mRegister failed: Email already registered[39m
[2025-06-22 20:51:47] [31mERROR[39m: [31mLogin failed: User not found[39m
[2025-06-22 21:00:14] [31mERROR[39m: [31mLogin failed: res is not defined[39m
[2025-06-22 21:01:00] [31mERROR[39m: [31mLogin failed: res is not defined[39m
[2025-06-22 21:01:01] [31mERROR[39m: [31mLogin failed: res is not defined[39m
[2025-06-22 21:02:45] [31mERROR[39m: [31mLogin failed: response is not defined[39m
[2025-06-22 21:04:18] [31mERROR[39m: [31mLogin failed: User not found[39m
[2025-06-22 21:04:18] [31mERROR[39m: [31mredirect is not defined[39m
[2025-06-22 21:04:56] [31mERROR[39m: [31mLogin failed: User not found[39m
[2025-06-22 21:05:01] [31mERROR[39m: [31mLogin failed: User not found[39m
[2025-06-22 21:05:06] [31mERROR[39m: [31mLogin failed: User not found[39m
[2025-06-22 21:05:15] [31mERROR[39m: [31mLogin failed: User not found[39m
[2025-06-22 21:05:15] [31mERROR[39m: [31mLogin failed: User not found[39m
[2025-06-22 21:07:38] [31mERROR[39m: [31mLogin failed: User not found[39m
[2025-06-22 21:07:59] [31mERROR[39m: [31mLogin failed: User not found[39m
[2025-06-22 21:08:40] [31mERROR[39m: [31mLogin failed: User not found[39m
[2025-06-22 21:09:07] [31mERROR[39m: [31mLogin failed: User not found[39m
[2025-06-22 21:09:35] [31mERROR[39m: [31mLogin failed: User not found[39m
[2025-06-22 21:10:40] [31mERROR[39m: [31mLogin failed: User not found[39m
[2025-06-22 21:10:40] [31mERROR[39m: [31mCannot set headers after they are sent to the client[39m
[2025-06-22 21:10:40] [31mERROR[39m: [31mPOST /api/auth/login -> Cannot set headers after they are sent to the client[39m
[2025-06-22 21:11:17] [31mERROR[39m: [31mLogin failed: User not found[39m
[2025-06-22 21:11:17] [31mERROR[39m: [31mInvalid status code: "/login". Status code must be an integer.[39m
[2025-06-22 21:12:06] [31mERROR[39m: [31mLogin failed: User not found[39m
[2025-06-22 21:12:06] [31mERROR[39m: [31mCannot read properties of undefined (reading 'render')[39m
[2025-06-22 21:12:06] [31mERROR[39m: [31mPOST /api/auth/login -> Cannot set headers after they are sent to the client[39m
[2025-06-22 21:15:15] [31mERROR[39m: [31mLogin failed: User not found[39m
[2025-06-22 21:17:24] [31mERROR[39m: [31mLogin failed: User not found[39m
[2025-06-22 21:17:30] [31mERROR[39m: [31mLogin failed: User not found[39m
